GET /reset 127.0.0.1
RESPONSE /reset 127.0.0.1resetinf60
updateTime
POST /warState/targets 127.0.0.1{u'point': u'5', u'name': u'BL_B', u'id': u'0052'}
RESPONSE /warState/targets 127.0.0.1{'name': u'BL_B'}
POST /warState/targets 127.0.0.1{u'point': u'3', u'name': u'BL_L', u'id': u'0050'}
RESPONSE /warState/targets 127.0.0.1{'name': u'BL_L'}
POST /warState/targets 127.0.0.1{u'point': u'3', u'name': u'BL_R', u'id': u'0051'}
RESPONSE /warState/targets 127.0.0.1{'name': u'BL_R'}
POST /warState/targets 127.0.0.1{u'point': u'5', u'name': u'RE_B', u'id': u'0042'}
RESPONSE /warState/targets 127.0.0.1{'name': u'RE_B'}
POST /warState/targets 127.0.0.1{u'point': u'3', u'name': u'RE_L', u'id': u'0040'}
RESPONSE /warState/targets 127.0.0.1{'name': u'RE_L'}
POST /warState/targets 127.0.0.1{u'point': u'3', u'name': u'RE_R', u'id': u'0041'}
RESPONSE /warState/targets 127.0.0.1{'name': u'RE_R'}
POST /warState/targets 127.0.0.1{u'point': u'1', u'name': u'Tomato_N', u'id': u'0009'}
RESPONSE /warState/targets 127.0.0.1{'name': u'Tomato_N'}
POST /warState/targets 127.0.0.1{u'point': u'1', u'name': u'Tomato_S', u'id': u'0010'}
RESPONSE /warState/targets 127.0.0.1{'name': u'Tomato_S'}
POST /warState/targets 127.0.0.1{u'point': u'1', u'name': u'Omelette_N', u'id': u'0005'}
RESPONSE /warState/targets 127.0.0.1{'name': u'Omelette_N'}
POST /warState/targets 127.0.0.1{u'point': u'1', u'name': u'Omelette_S', u'id': u'0006'}
RESPONSE /warState/targets 127.0.0.1{'name': u'Omelette_S'}
POST /warState/targets 127.0.0.1{u'point': u'1', u'name': u'Pudding_N', u'id': u'0011'}
RESPONSE /warState/targets 127.0.0.1{'name': u'Pudding_N'}
POST /warState/targets 127.0.0.1{u'point': u'1', u'name': u'Pudding_S', u'id': u'0012'}
RESPONSE /warState/targets 127.0.0.1{'name': u'Pudding_S'}
POST /warState/targets 127.0.0.1{u'point': u'1', u'name': u'OctopusWiener_N', u'id': u'0007'}
RESPONSE /warState/targets 127.0.0.1{'name': u'OctopusWiener_N'}
POST /warState/targets 127.0.0.1{u'point': u'1', u'name': u'OctopusWiener_S', u'id': u'0008'}
RESPONSE /warState/targets 127.0.0.1{'name': u'OctopusWiener_S'}
POST /warState/targets 127.0.0.1{u'point': u'1', u'name': u'FriedShrimp_N', u'id': u'0001'}
RESPONSE /warState/targets 127.0.0.1{'name': u'FriedShrimp_N'}
POST /warState/targets 127.0.0.1{u'point': u'1', u'name': u'FriedShrimp_E', u'id': u'0003'}
RESPONSE /warState/targets 127.0.0.1{'name': u'FriedShrimp_E'}
POST /warState/targets 127.0.0.1{u'point': u'1', u'name': u'FriedShrimp_W', u'id': u'0004'}
RESPONSE /warState/targets 127.0.0.1{'name': u'FriedShrimp_W'}
POST /warState/targets 127.0.0.1{u'point': u'1', u'name': u'FriedShrimp_S', u'id': u'0002'}
RESPONSE /warState/targets 127.0.0.1{'name': u'FriedShrimp_S'}
POST /warState/players 127.0.0.1{u'name': u'you'}
RESPONSE /warState/players 127.0.0.1{'side': 'r', 'name': u'you'}
POST /warState/players 127.0.0.1{u'name': u'enemy'}
RESPONSE /warState/players 127.0.0.1{'side': 'b', 'name': u'enemy'}
POST /submits 127.0.0.1{u'id': u'0000', u'name': u'you', u'side': u'r'}
updateTime
RESPONSE /submits 127.0.0.1{'new': False, 'mutch': True, 'target': None, 'error': 'success set ready'}
POST /submits 127.0.0.1{u'id': u'0000', u'name': u'enemy', u'side': u'b'}
updateTime
RESPONSE /submits 127.0.0.1{'new': False, 'mutch': True, 'target': None, 'error': 'success set ready'}
updateTime
updateTime
updateTime
POST /submits 127.0.0.1{u'side': u'r', u'id': u'0000', u'name': u'NoName'}
updateTime
RESPONSE /submits 127.0.0.1{'new': False, 'mutch': True, 'target': None, 'error': 'success set ready'}
updateTime
POST /submits 127.0.0.1{u'side': u'b', u'id': u'0000', u'name': u'NoName'}
updateTime
RESPONSE /submits 127.0.0.1{'new': False, 'mutch': True, 'target': None, 'error': 'success set ready'}
updateTime
updateTime
updateTime
updateTime
updateTime
updateTime
updateTime
updateTime
updateTime
updateTime
updateTime
updateTime
updateTime
updateTime
updateTime
updateTime
updateTime
updateTime
updateTime
updateTime
updateTime
updateTime
updateTime
updateTime
updateTime
updateTime
updateTime
updateTime
updateTime
updateTime
updateTime
POST /submits 127.0.0.1{u'side': u'b', u'id': u'0038', u'name': u'NoName'}
updateTime
RESPONSE /submits 127.0.0.1{'new': False, 'mutch': False, 'target': None, 'error': 'ERR state is not running'}
updateTime
updateTime
updateTime
updateTime
updateTime
updateTime
updateTime
updateTime
updateTime
updateTime
updateTime
updateTime
updateTime
updateTime
updateTime
updateTime
updateTime
updateTime
updateTime
updateTime
updateTime
updateTime
updateTime
updateTime
updateTime
updateTime
updateTime
updateTime
updateTime
updateTime
updateTime
updateTime
updateTime
updateTime
updateTime
updateTime
updateTime
updateTime
updateTime
updateTime
updateTime
updateTime
updateTime
updateTime
updateTime
updateTime
updateTime
updateTime
updateTime
updateTime
updateTime
updateTime
updateTime
updateTime
updateTime
updateTime
updateTime
updateTime
updateTime
updateTime
updateTime
updateTime
updateTime
updateTime
updateTime
updateTime
POST /warState/state 127.0.0.1{u'state': u'running'}
setState
RESPONSE /warState/state 127.0.0.1{'state': u'running'}
updateTime
passed_Time 0.0696058273315
updateTime
passed_Time 0.0729899406433
updateTime
passed_Time 1.07354879379
updateTime
passed_Time 1.07719993591
updateTime
passed_Time 2.07743191719
updateTime
passed_Time 2.08079695702
updateTime
passed_Time 2.67817282677
updateTime
passed_Time 2.68895983696
updateTime
passed_Time 3.08136892319
updateTime
passed_Time 3.08511590958
POST /submits 127.0.0.1{u'side': u'b', u'id': u'0001', u'name': u'NoName'}
updateTime
passed_Time 3.51131892204
RESPONSE /submits 127.0.0.1{'new': True, 'mutch': True, 'target': {'player': u'b', 'name': u'FriedShrimp_N', 'point': u'1'}, 'error': 'no error'}
POST /submits 127.0.0.1{u'side': u'b', u'id': u'0001', u'name': u'NoName'}
updateTime
passed_Time 3.61049199104
RESPONSE /submits 127.0.0.1{'new': False, 'mutch': True, 'target': {'player': u'b', 'name': u'FriedShrimp_N', 'point': u'1'}, 'error': 'no error'}
POST /submits 127.0.0.1{u'side': u'b', u'id': u'0001', u'name': u'NoName'}
updateTime
passed_Time 3.71130490303
RESPONSE /submits 127.0.0.1{'new': False, 'mutch': True, 'target': {'player': u'b', 'name': u'FriedShrimp_N', 'point': u'1'}, 'error': 'no error'}
POST /submits 127.0.0.1{u'side': u'b', u'id': u'0001', u'name': u'NoName'}
updateTime
passed_Time 3.81095981598
RESPONSE /submits 127.0.0.1{'new': False, 'mutch': True, 'target': {'player': u'b', 'name': u'FriedShrimp_N', 'point': u'1'}, 'error': 'no error'}
POST /submits 127.0.0.1{u'side': u'b', u'id': u'0001', u'name': u'NoName'}
updateTime
passed_Time 3.91065692902
RESPONSE /submits 127.0.0.1{'new': False, 'mutch': True, 'target': {'player': u'b', 'name': u'FriedShrimp_N', 'point': u'1'}, 'error': 'no error'}
POST /submits 127.0.0.1{u'side': u'b', u'id': u'0001', u'name': u'NoName'}
updateTime
passed_Time 4.01164293289
RESPONSE /submits 127.0.0.1{'new': False, 'mutch': True, 'target': {'player': u'b', 'name': u'FriedShrimp_N', 'point': u'1'}, 'error': 'no error'}
updateTime
passed_Time 4.08507680893
updateTime
passed_Time 4.0884988308
POST /submits 127.0.0.1{u'side': u'b', u'id': u'0001', u'name': u'NoName'}
updateTime
passed_Time 4.11179590225
RESPONSE /submits 127.0.0.1{'new': False, 'mutch': True, 'target': {'player': u'b', 'name': u'FriedShrimp_N', 'point': u'1'}, 'error': 'no error'}
POST /submits 127.0.0.1{u'side': u'b', u'id': u'0001', u'name': u'NoName'}
updateTime
passed_Time 4.21141195297
RESPONSE /submits 127.0.0.1{'new': False, 'mutch': True, 'target': {'player': u'b', 'name': u'FriedShrimp_N', 'point': u'1'}, 'error': 'no error'}
POST /submits 127.0.0.1{u'side': u'b', u'id': u'0001', u'name': u'NoName'}
updateTime
passed_Time 4.31179594994
RESPONSE /submits 127.0.0.1{'new': False, 'mutch': True, 'target': {'player': u'b', 'name': u'FriedShrimp_N', 'point': u'1'}, 'error': 'no error'}
POST /submits 127.0.0.1{u'side': u'b', u'id': u'0001', u'name': u'NoName'}
updateTime
passed_Time 4.41192793846
RESPONSE /submits 127.0.0.1{'new': False, 'mutch': True, 'target': {'player': u'b', 'name': u'FriedShrimp_N', 'point': u'1'}, 'error': 'no error'}
POST /submits 127.0.0.1{u'side': u'b', u'id': u'0001', u'name': u'NoName'}
updateTime
passed_Time 4.5112798214
RESPONSE /submits 127.0.0.1{'new': False, 'mutch': True, 'target': {'player': u'b', 'name': u'FriedShrimp_N', 'point': u'1'}, 'error': 'no error'}
POST /submits 127.0.0.1{u'side': u'b', u'id': u'0001', u'name': u'NoName'}
updateTime
passed_Time 4.61177182198
RESPONSE /submits 127.0.0.1{'new': False, 'mutch': True, 'target': {'player': u'b', 'name': u'FriedShrimp_N', 'point': u'1'}, 'error': 'no error'}
POST /submits 127.0.0.1{u'side': u'b', u'id': u'0001', u'name': u'NoName'}
updateTime
passed_Time 4.7123799324
RESPONSE /submits 127.0.0.1{'new': False, 'mutch': True, 'target': {'player': u'b', 'name': u'FriedShrimp_N', 'point': u'1'}, 'error': 'no error'}
POST /submits 127.0.0.1{u'side': u'b', u'id': u'0001', u'name': u'NoName'}
updateTime
passed_Time 4.81188893318
RESPONSE /submits 127.0.0.1{'new': False, 'mutch': True, 'target': {'player': u'b', 'name': u'FriedShrimp_N', 'point': u'1'}, 'error': 'no error'}
POST /submits 127.0.0.1{u'side': u'b', u'id': u'0001', u'name': u'NoName'}
updateTime
passed_Time 4.911495924
RESPONSE /submits 127.0.0.1{'new': False, 'mutch': True, 'target': {'player': u'b', 'name': u'FriedShrimp_N', 'point': u'1'}, 'error': 'no error'}
POST /submits 127.0.0.1{u'side': u'b', u'id': u'0001', u'name': u'NoName'}
updateTime
passed_Time 5.01237893105
RESPONSE /submits 127.0.0.1{'new': False, 'mutch': True, 'target': {'player': u'b', 'name': u'FriedShrimp_N', 'point': u'1'}, 'error': 'no error'}
updateTime
passed_Time 5.08872699738
updateTime
passed_Time 5.09214186668
POST /submits 127.0.0.1{u'side': u'b', u'id': u'0001', u'name': u'NoName'}
updateTime
passed_Time 5.11227583885
RESPONSE /submits 127.0.0.1{'new': False, 'mutch': True, 'target': {'player': u'b', 'name': u'FriedShrimp_N', 'point': u'1'}, 'error': 'no error'}
POST /submits 127.0.0.1{u'side': u'b', u'id': u'0001', u'name': u'NoName'}
updateTime
passed_Time 5.2118678093
RESPONSE /submits 127.0.0.1{'new': False, 'mutch': True, 'target': {'player': u'b', 'name': u'FriedShrimp_N', 'point': u'1'}, 'error': 'no error'}
POST /submits 127.0.0.1{u'side': u'b', u'id': u'0001', u'name': u'NoName'}
updateTime
passed_Time 5.31238293648
RESPONSE /submits 127.0.0.1{'new': False, 'mutch': True, 'target': {'player': u'b', 'name': u'FriedShrimp_N', 'point': u'1'}, 'error': 'no error'}
POST /submits 127.0.0.1{u'side': u'b', u'id': u'0001', u'name': u'NoName'}
updateTime
passed_Time 5.41261291504
RESPONSE /submits 127.0.0.1{'new': False, 'mutch': True, 'target': {'player': u'b', 'name': u'FriedShrimp_N', 'point': u'1'}, 'error': 'no error'}
POST /submits 127.0.0.1{u'side': u'b', u'id': u'0001', u'name': u'NoName'}
updateTime
passed_Time 5.51271700859
RESPONSE /submits 127.0.0.1{'new': False, 'mutch': True, 'target': {'player': u'b', 'name': u'FriedShrimp_N', 'point': u'1'}, 'error': 'no error'}
POST /submits 127.0.0.1{u'side': u'b', u'id': u'0001', u'name': u'NoName'}
updateTime
passed_Time 5.61131477356
RESPONSE /submits 127.0.0.1{'new': False, 'mutch': True, 'target': {'player': u'b', 'name': u'FriedShrimp_N', 'point': u'1'}, 'error': 'no error'}
updateTime
passed_Time 5.68209385872
updateTime
passed_Time 5.69343900681
POST /submits 127.0.0.1{u'side': u'b', u'id': u'0001', u'name': u'NoName'}
updateTime
passed_Time 5.71296191216
RESPONSE /submits 127.0.0.1{'new': False, 'mutch': True, 'target': {'player': u'b', 'name': u'FriedShrimp_N', 'point': u'1'}, 'error': 'no error'}
POST /submits 127.0.0.1{u'side': u'b', u'id': u'0001', u'name': u'NoName'}
updateTime
passed_Time 5.8122048378
RESPONSE /submits 127.0.0.1{'new': False, 'mutch': True, 'target': {'player': u'b', 'name': u'FriedShrimp_N', 'point': u'1'}, 'error': 'no error'}
POST /submits 127.0.0.1{u'side': u'b', u'id': u'0001', u'name': u'NoName'}
updateTime
passed_Time 5.91313695908
RESPONSE /submits 127.0.0.1{'new': False, 'mutch': True, 'target': {'player': u'b', 'name': u'FriedShrimp_N', 'point': u'1'}, 'error': 'no error'}
POST /submits 127.0.0.1{u'side': u'b', u'id': u'0001', u'name': u'NoName'}
updateTime
passed_Time 6.01211881638
RESPONSE /submits 127.0.0.1{'new': False, 'mutch': True, 'target': {'player': u'b', 'name': u'FriedShrimp_N', 'point': u'1'}, 'error': 'no error'}
updateTime
passed_Time 6.09237289429
updateTime
passed_Time 6.0958108902
POST /submits 127.0.0.1{u'side': u'b', u'id': u'0001', u'name': u'NoName'}
updateTime
passed_Time 6.11457586288
RESPONSE /submits 127.0.0.1{'new': False, 'mutch': True, 'target': {'player': u'b', 'name': u'FriedShrimp_N', 'point': u'1'}, 'error': 'no error'}
POST /submits 127.0.0.1{u'side': u'b', u'id': u'0001', u'name': u'NoName'}
updateTime
passed_Time 6.21237778664
RESPONSE /submits 127.0.0.1{'new': False, 'mutch': True, 'target': {'player': u'b', 'name': u'FriedShrimp_N', 'point': u'1'}, 'error': 'no error'}
POST /submits 127.0.0.1{u'side': u'b', u'id': u'0001', u'name': u'NoName'}
updateTime
passed_Time 6.31305789948
RESPONSE /submits 127.0.0.1{'new': False, 'mutch': True, 'target': {'player': u'b', 'name': u'FriedShrimp_N', 'point': u'1'}, 'error': 'no error'}
POST /submits 127.0.0.1{u'side': u'b', u'id': u'0001', u'name': u'NoName'}
updateTime
passed_Time 6.41235899925
RESPONSE /submits 127.0.0.1{'new': False, 'mutch': True, 'target': {'player': u'b', 'name': u'FriedShrimp_N', 'point': u'1'}, 'error': 'no error'}
POST /submits 127.0.0.1{u'side': u'b', u'id': u'0001', u'name': u'NoName'}
updateTime
passed_Time 6.51394081116
RESPONSE /submits 127.0.0.1{'new': False, 'mutch': True, 'target': {'player': u'b', 'name': u'FriedShrimp_N', 'point': u'1'}, 'error': 'no error'}
POST /submits 127.0.0.1{u'side': u'b', u'id': u'0001', u'name': u'NoName'}
updateTime
passed_Time 6.61355090141
RESPONSE /submits 127.0.0.1{'new': False, 'mutch': True, 'target': {'player': u'b', 'name': u'FriedShrimp_N', 'point': u'1'}, 'error': 'no error'}
POST /submits 127.0.0.1{u'side': u'b', u'id': u'0001', u'name': u'NoName'}
updateTime
passed_Time 6.71263694763
RESPONSE /submits 127.0.0.1{'new': False, 'mutch': True, 'target': {'player': u'b', 'name': u'FriedShrimp_N', 'point': u'1'}, 'error': 'no error'}
POST /submits 127.0.0.1{u'side': u'b', u'id': u'0001', u'name': u'NoName'}
updateTime
passed_Time 6.81313180923
RESPONSE /submits 127.0.0.1{'new': False, 'mutch': True, 'target': {'player': u'b', 'name': u'FriedShrimp_N', 'point': u'1'}, 'error': 'no error'}
POST /submits 127.0.0.1{u'side': u'b', u'id': u'0001', u'name': u'NoName'}
updateTime
passed_Time 6.91372799873
RESPONSE /submits 127.0.0.1{'new': False, 'mutch': True, 'target': {'player': u'b', 'name': u'FriedShrimp_N', 'point': u'1'}, 'error': 'no error'}
POST /submits 127.0.0.1{u'side': u'b', u'id': u'0001', u'name': u'NoName'}
updateTime
passed_Time 7.01258397102
RESPONSE /submits 127.0.0.1{'new': False, 'mutch': True, 'target': {'player': u'b', 'name': u'FriedShrimp_N', 'point': u'1'}, 'error': 'no error'}
updateTime
passed_Time 7.09606480598
updateTime
passed_Time 7.09912586212
POST /submits 127.0.0.1{u'side': u'b', u'id': u'0001', u'name': u'NoName'}
updateTime
passed_Time 7.11416482925
RESPONSE /submits 127.0.0.1{'new': False, 'mutch': True, 'target': {'player': u'b', 'name': u'FriedShrimp_N', 'point': u'1'}, 'error': 'no error'}
POST /submits 127.0.0.1{u'side': u'b', u'id': u'0001', u'name': u'NoName'}
updateTime
passed_Time 7.21378087997
RESPONSE /submits 127.0.0.1{'new': False, 'mutch': True, 'target': {'player': u'b', 'name': u'FriedShrimp_N', 'point': u'1'}, 'error': 'no error'}
POST /submits 127.0.0.1{u'side': u'b', u'id': u'0001', u'name': u'NoName'}
updateTime
passed_Time 7.31262087822
RESPONSE /submits 127.0.0.1{'new': False, 'mutch': True, 'target': {'player': u'b', 'name': u'FriedShrimp_N', 'point': u'1'}, 'error': 'no error'}
POST /submits 127.0.0.1{u'side': u'b', u'id': u'0001', u'name': u'NoName'}
updateTime
passed_Time 7.41288781166
RESPONSE /submits 127.0.0.1{'new': False, 'mutch': True, 'target': {'player': u'b', 'name': u'FriedShrimp_N', 'point': u'1'}, 'error': 'no error'}
POST /submits 127.0.0.1{u'side': u'b', u'id': u'0001', u'name': u'NoName'}
updateTime
passed_Time 7.51424789429
RESPONSE /submits 127.0.0.1{'new': False, 'mutch': True, 'target': {'player': u'b', 'name': u'FriedShrimp_N', 'point': u'1'}, 'error': 'no error'}
POST /submits 127.0.0.1{u'side': u'b', u'id': u'0001', u'name': u'NoName'}
updateTime
passed_Time 7.61306095123
RESPONSE /submits 127.0.0.1{'new': False, 'mutch': True, 'target': {'player': u'b', 'name': u'FriedShrimp_N', 'point': u'1'}, 'error': 'no error'}
POST /submits 127.0.0.1{u'side': u'b', u'id': u'0001', u'name': u'NoName'}
updateTime
passed_Time 7.71395683289
RESPONSE /submits 127.0.0.1{'new': False, 'mutch': True, 'target': {'player': u'b', 'name': u'FriedShrimp_N', 'point': u'1'}, 'error': 'no error'}
POST /submits 127.0.0.1{u'side': u'b', u'id': u'0001', u'name': u'NoName'}
updateTime
passed_Time 7.81302189827
RESPONSE /submits 127.0.0.1{'new': False, 'mutch': True, 'target': {'player': u'b', 'name': u'FriedShrimp_N', 'point': u'1'}, 'error': 'no error'}
POST /submits 127.0.0.1{u'side': u'b', u'id': u'0001', u'name': u'NoName'}
updateTime
passed_Time 7.91420292854
RESPONSE /submits 127.0.0.1{'new': False, 'mutch': True, 'target': {'player': u'b', 'name': u'FriedShrimp_N', 'point': u'1'}, 'error': 'no error'}
POST /submits 127.0.0.1{u'side': u'b', u'id': u'0001', u'name': u'NoName'}
updateTime
passed_Time 8.01389789581
RESPONSE /submits 127.0.0.1{'new': False, 'mutch': True, 'target': {'player': u'b', 'name': u'FriedShrimp_N', 'point': u'1'}, 'error': 'no error'}
updateTime
passed_Time 8.09962081909
updateTime
passed_Time 8.10313200951
POST /submits 127.0.0.1{u'side': u'b', u'id': u'0001', u'name': u'NoName'}
updateTime
passed_Time 8.11458897591
RESPONSE /submits 127.0.0.1{'new': False, 'mutch': True, 'target': {'player': u'b', 'name': u'FriedShrimp_N', 'point': u'1'}, 'error': 'no error'}
POST /submits 127.0.0.1{u'side': u'b', u'id': u'0001', u'name': u'NoName'}
updateTime
passed_Time 8.21398186684
RESPONSE /submits 127.0.0.1{'new': False, 'mutch': True, 'target': {'player': u'b', 'name': u'FriedShrimp_N', 'point': u'1'}, 'error': 'no error'}
POST /submits 127.0.0.1{u'side': u'b', u'id': u'0001', u'name': u'NoName'}
updateTime
passed_Time 8.31407785416
RESPONSE /submits 127.0.0.1{'new': False, 'mutch': True, 'target': {'player': u'b', 'name': u'FriedShrimp_N', 'point': u'1'}, 'error': 'no error'}
POST /submits 127.0.0.1{u'side': u'b', u'id': u'0001', u'name': u'NoName'}
updateTime
passed_Time 8.414675951
RESPONSE /submits 127.0.0.1{'new': False, 'mutch': True, 'target': {'player': u'b', 'name': u'FriedShrimp_N', 'point': u'1'}, 'error': 'no error'}
POST /submits 127.0.0.1{u'side': u'b', u'id': u'0001', u'name': u'NoName'}
updateTime
passed_Time 8.5149679184
RESPONSE /submits 127.0.0.1{'new': False, 'mutch': True, 'target': {'player': u'b', 'name': u'FriedShrimp_N', 'point': u'1'}, 'error': 'no error'}
POST /submits 127.0.0.1{u'side': u'b', u'id': u'0001', u'name': u'NoName'}
updateTime
passed_Time 8.61404490471
RESPONSE /submits 127.0.0.1{'new': False, 'mutch': True, 'target': {'player': u'b', 'name': u'FriedShrimp_N', 'point': u'1'}, 'error': 'no error'}
updateTime
passed_Time 8.687707901
updateTime
passed_Time 8.70012688637
POST /submits 127.0.0.1{u'side': u'b', u'id': u'0001', u'name': u'NoName'}
updateTime
passed_Time 8.71468877792
RESPONSE /submits 127.0.0.1{'new': False, 'mutch': True, 'target': {'player': u'b', 'name': u'FriedShrimp_N', 'point': u'1'}, 'error': 'no error'}
POST /submits 127.0.0.1{u'side': u'b', u'id': u'0001', u'name': u'NoName'}
updateTime
passed_Time 8.81496191025
RESPONSE /submits 127.0.0.1{'new': False, 'mutch': True, 'target': {'player': u'b', 'name': u'FriedShrimp_N', 'point': u'1'}, 'error': 'no error'}
POST /submits 127.0.0.1{u'side': u'b', u'id': u'0001', u'name': u'NoName'}
updateTime
passed_Time 8.91420483589
RESPONSE /submits 127.0.0.1{'new': False, 'mutch': True, 'target': {'player': u'b', 'name': u'FriedShrimp_N', 'point': u'1'}, 'error': 'no error'}
POST /submits 127.0.0.1{u'side': u'b', u'id': u'0001', u'name': u'NoName'}
updateTime
passed_Time 9.01498699188
RESPONSE /submits 127.0.0.1{'new': False, 'mutch': True, 'target': {'player': u'b', 'name': u'FriedShrimp_N', 'point': u'1'}, 'error': 'no error'}
updateTime
passed_Time 9.10346484184
updateTime
passed_Time 9.10679388046
POST /submits 127.0.0.1{u'side': u'b', u'id': u'0001', u'name': u'NoName'}
updateTime
passed_Time 9.1153948307
RESPONSE /submits 127.0.0.1{'new': False, 'mutch': True, 'target': {'player': u'b', 'name': u'FriedShrimp_N', 'point': u'1'}, 'error': 'no error'}
POST /submits 127.0.0.1{u'side': u'b', u'id': u'0001', u'name': u'NoName'}
updateTime
passed_Time 9.21501493454
RESPONSE /submits 127.0.0.1{'new': False, 'mutch': True, 'target': {'player': u'b', 'name': u'FriedShrimp_N', 'point': u'1'}, 'error': 'no error'}
POST /submits 127.0.0.1{u'side': u'b', u'id': u'0001', u'name': u'NoName'}
updateTime
passed_Time 9.31480288506
RESPONSE /submits 127.0.0.1{'new': False, 'mutch': True, 'target': {'player': u'b', 'name': u'FriedShrimp_N', 'point': u'1'}, 'error': 'no error'}
POST /submits 127.0.0.1{u'side': u'b', u'id': u'0001', u'name': u'NoName'}
updateTime
passed_Time 9.41639184952
RESPONSE /submits 127.0.0.1{'new': False, 'mutch': True, 'target': {'player': u'b', 'name': u'FriedShrimp_N', 'point': u'1'}, 'error': 'no error'}
POST /submits 127.0.0.1{u'side': u'b', u'id': u'0001', u'name': u'NoName'}
updateTime
passed_Time 9.5156378746
RESPONSE /submits 127.0.0.1{'new': False, 'mutch': True, 'target': {'player': u'b', 'name': u'FriedShrimp_N', 'point': u'1'}, 'error': 'no error'}
POST /submits 127.0.0.1{u'side': u'b', u'id': u'0001', u'name': u'NoName'}
updateTime
passed_Time 9.61637187004
RESPONSE /submits 127.0.0.1{'new': False, 'mutch': True, 'target': {'player': u'b', 'name': u'FriedShrimp_N', 'point': u'1'}, 'error': 'no error'}
POST /submits 127.0.0.1{u'side': u'b', u'id': u'0001', u'name': u'NoName'}
updateTime
passed_Time 9.71621394157
RESPONSE /submits 127.0.0.1{'new': False, 'mutch': True, 'target': {'player': u'b', 'name': u'FriedShrimp_N', 'point': u'1'}, 'error': 'no error'}
updateTime
passed_Time 10.1076698303
updateTime
passed_Time 10.1112799644
updateTime
passed_Time 11.1115739346
updateTime
passed_Time 11.1154379845
updateTime
passed_Time 11.6918678284
updateTime
passed_Time 11.7063558102
updateTime
passed_Time 12.1166470051
updateTime
passed_Time 12.1207869053
updateTime
passed_Time 13.1210258007
updateTime
passed_Time 13.1247308254
updateTime
passed_Time 14.1249988079
updateTime
passed_Time 14.1283400059
updateTime
passed_Time 14.6984930038
updateTime
passed_Time 14.7122409344
updateTime
passed_Time 15.1288738251
updateTime
passed_Time 15.1322178841
updateTime
passed_Time 16.1326677799
updateTime
passed_Time 16.1362659931
updateTime
passed_Time 17.1366829872
updateTime
passed_Time 17.1400938034
updateTime
passed_Time 17.7052137852
updateTime
passed_Time 17.7188959122
updateTime
passed_Time 18.1406970024
updateTime
passed_Time 18.1440219879
updateTime
passed_Time 19.1445598602
updateTime
passed_Time 19.147892952
updateTime
passed_Time 20.1484308243
updateTime
passed_Time 20.1519978046
updateTime
passed_Time 20.7111618519
updateTime
passed_Time 20.7255208492
updateTime
passed_Time 21.1524019241
updateTime
passed_Time 21.1559419632
updateTime
passed_Time 22.1565859318
updateTime
passed_Time 22.1598138809
updateTime
passed_Time 23.1603729725
updateTime
passed_Time 23.1640319824
updateTime
passed_Time 23.7180979252
updateTime
passed_Time 23.7314648628
updateTime
passed_Time 24.1644978523
updateTime
passed_Time 24.1678779125
updateTime
passed_Time 25.1683568954
updateTime
passed_Time 25.1716139317
updateTime
passed_Time 26.1722269058
updateTime
passed_Time 26.1768038273
updateTime
passed_Time 26.7252979279
updateTime
passed_Time 26.7374398708
updateTime
passed_Time 27.177271843
updateTime
passed_Time 27.1805379391
updateTime
passed_Time 28.1809527874
updateTime
passed_Time 28.1842799187
updateTime
passed_Time 29.184720993
updateTime
passed_Time 29.1878829002
updateTime
passed_Time 29.7319347858
updateTime
passed_Time 29.7435908318
updateTime
passed_Time 30.1884307861
updateTime
passed_Time 30.191672802
updateTime
passed_Time 31.19222188
updateTime
passed_Time 31.1955478191
updateTime
passed_Time 32.1959979534
updateTime
passed_Time 32.1993718147
updateTime
passed_Time 32.7361598015
updateTime
passed_Time 32.7493698597
updateTime
passed_Time 33.1998097897
updateTime
passed_Time 33.203042984
updateTime
passed_Time 34.203619957
updateTime
passed_Time 34.2068319321
updateTime
passed_Time 35.2072939873
updateTime
passed_Time 35.21043396
updateTime
passed_Time 35.7431738377
updateTime
passed_Time 35.7526869774
updateTime
passed_Time 36.2109889984
updateTime
passed_Time 36.2142848969
updateTime
passed_Time 37.2147119045
updateTime
passed_Time 37.2180469036
updateTime
passed_Time 38.2184789181
updateTime
passed_Time 38.2220439911
updateTime
passed_Time 38.7489778996
updateTime
passed_Time 38.7567799091
updateTime
passed_Time 39.2222628593
updateTime
passed_Time 39.2256979942
updateTime
passed_Time 40.2261707783
updateTime
passed_Time 40.2293097973
updateTime
passed_Time 41.2298629284
updateTime
passed_Time 41.2335088253
updateTime
passed_Time 41.7559449673
updateTime
passed_Time 41.7629079819
updateTime
passed_Time 42.2341299057
updateTime
passed_Time 42.2377068996
updateTime
passed_Time 43.2380259037
updateTime
passed_Time 43.2416348457
updateTime
passed_Time 44.2422268391
updateTime
passed_Time 44.2455158234
updateTime
passed_Time 44.7608509064
updateTime
passed_Time 44.7690839767
updateTime
passed_Time 45.2460589409
updateTime
passed_Time 45.2499427795
updateTime
passed_Time 46.2503829002
updateTime
passed_Time 46.253693819
updateTime
passed_Time 47.2542088032
updateTime
passed_Time 47.2574908733
updateTime
passed_Time 47.7662038803
updateTime
passed_Time 47.7755639553
updateTime
passed_Time 48.2579979897
updateTime
passed_Time 48.2615737915
updateTime
passed_Time 49.2620499134
updateTime
passed_Time 49.2654588223
updateTime
passed_Time 50.2657709122
updateTime
passed_Time 50.2693479061
updateTime
passed_Time 50.7728118896
updateTime
passed_Time 50.7818689346
updateTime
passed_Time 51.269482851
updateTime
passed_Time 51.2727398872
updateTime
passed_Time 52.2732319832
updateTime
passed_Time 52.2764139175
updateTime
passed_Time 53.2769777775
updateTime
passed_Time 53.2803628445
updateTime
passed_Time 53.7769038677
updateTime
passed_Time 53.788203001
updateTime
passed_Time 54.2808878422
updateTime
passed_Time 54.284744978
updateTime
passed_Time 55.2851388454
updateTime
passed_Time 55.288577795
updateTime
passed_Time 56.2890768051
updateTime
passed_Time 56.2923688889
updateTime
passed_Time 56.7835469246
updateTime
passed_Time 56.7920849323
updateTime
passed_Time 57.2927370071
updateTime
passed_Time 57.2961428165
updateTime
passed_Time 58.296599865
updateTime
passed_Time 58.2998337746
updateTime
passed_Time 59.3003208637
updateTime
passed_Time 59.303565979
updateTime
passed_Time 59.7877659798
updateTime
passed_Time 59.7986738682
updateTime
passed_Time 60.304569006
updateTime
passed_Time 60.3081288338
updateTime
passed_Time 61.3087048531
updateTime
passed_Time 61.3120748997
updateTime
passed_Time 62.3125009537
updateTime
passed_Time 62.3157758713
updateTime
passed_Time 62.7942118645
updateTime
passed_Time 62.8047668934
updateTime
passed_Time 63.316190958
updateTime
passed_Time 63.3194479942
updateTime
passed_Time 64.3199338913
updateTime
passed_Time 64.3231549263
updateTime
passed_Time 65.3236868382
updateTime
passed_Time 65.3271639347
updateTime
passed_Time 65.7982509136
updateTime
passed_Time 65.8114337921
updateTime
passed_Time 66.3275389671
updateTime
passed_Time 66.3307528496
updateTime
passed_Time 67.3313629627
updateTime
passed_Time 67.3346719742
updateTime
passed_Time 68.3352189064
updateTime
passed_Time 68.3384130001
updateTime
passed_Time 68.8025858402
updateTime
passed_Time 68.818048954
updateTime
passed_Time 69.3389317989
updateTime
passed_Time 69.3428688049
updateTime
passed_Time 70.3429119587
updateTime
passed_Time 70.3465337753
updateTime
passed_Time 71.3466877937
updateTime
passed_Time 71.349932909
updateTime
passed_Time 71.8097269535
updateTime
passed_Time 71.8226180077
updateTime
passed_Time 72.3504288197
updateTime
passed_Time 72.3537039757
updateTime
passed_Time 73.3545079231
updateTime
passed_Time 73.3581860065
updateTime
passed_Time 74.3587667942
updateTime
passed_Time 74.3623118401
updateTime
passed_Time 74.8162839413
updateTime
passed_Time 74.8286778927
updateTime
passed_Time 75.3629498482
updateTime
passed_Time 75.3663029671
updateTime
passed_Time 76.3667519093
updateTime
passed_Time 76.370100975
updateTime
passed_Time 77.3706228733
updateTime
passed_Time 77.3742198944
updateTime
passed_Time 77.8230578899
updateTime
passed_Time 77.8327479362
updateTime
passed_Time 78.3747549057
updateTime
passed_Time 78.3779408932
updateTime
passed_Time 79.3784239292
updateTime
passed_Time 79.3818747997
updateTime
passed_Time 80.3822360039
updateTime
passed_Time 80.3855929375
updateTime
passed_Time 80.8294129372
updateTime
passed_Time 80.8374679089
updateTime
passed_Time 81.3862888813
updateTime
passed_Time 81.3896839619
updateTime
passed_Time 82.3900849819
updateTime
passed_Time 82.3937079906
updateTime
passed_Time 83.3942668438
updateTime
passed_Time 83.397662878
updateTime
passed_Time 83.8353018761
updateTime
passed_Time 83.8417727947
updateTime
passed_Time 84.3981058598
updateTime
passed_Time 84.4021608829
updateTime
passed_Time 85.4024429321
updateTime
passed_Time 85.405949831
updateTime
passed_Time 86.4064028263
updateTime
passed_Time 86.4098398685
updateTime
passed_Time 86.842004776
updateTime
passed_Time 86.8454079628
updateTime
passed_Time 87.4104039669
updateTime
passed_Time 87.4137058258
updateTime
passed_Time 88.4141888618
updateTime
passed_Time 88.4177088737
updateTime
passed_Time 89.4180688858
updateTime
passed_Time 89.421287775
updateTime
passed_Time 89.8458778858
updateTime
passed_Time 89.8509898186
updateTime
passed_Time 90.4217669964
updateTime
passed_Time 90.4250957966
updateTime
passed_Time 91.4255449772
updateTime
passed_Time 91.4288318157
updateTime
passed_Time 92.4293339252
updateTime
passed_Time 92.432765007
updateTime
passed_Time 92.8525319099
updateTime
passed_Time 92.8552927971
updateTime
passed_Time 93.4331438541
updateTime
passed_Time 93.4364237785
updateTime
passed_Time 94.4369149208
updateTime
passed_Time 94.4403917789
updateTime
passed_Time 95.4408049583
updateTime
passed_Time 95.4449288845
updateTime
passed_Time 95.8562088013
updateTime
passed_Time 95.8594539165
updateTime
passed_Time 96.4449868202
updateTime
passed_Time 96.4482908249
updateTime
passed_Time 97.4487137794
updateTime
passed_Time 97.4519059658
updateTime
passed_Time 98.4524857998
updateTime
passed_Time 98.4557909966
updateTime
passed_Time 98.860863924
updateTime
passed_Time 98.8635950089
updateTime
passed_Time 99.4564948082
updateTime
passed_Time 99.4597799778
updateTime
passed_Time 100.460315943
updateTime
passed_Time 100.463607788
updateTime
passed_Time 101.464123964
updateTime
passed_Time 101.467525959
updateTime
passed_Time 101.86528182
updateTime
passed_Time 101.868901968
updateTime
passed_Time 102.46792984
updateTime
passed_Time 102.471362829
updateTime
passed_Time 103.471745968
updateTime
passed_Time 103.476100922
updateTime
passed_Time 104.476869822
updateTime
passed_Time 104.480520964
updateTime
passed_Time 104.869270802
updateTime
passed_Time 104.872662783
updateTime
passed_Time 105.481054783
updateTime
passed_Time 105.48475194
updateTime
passed_Time 106.485258818
updateTime
passed_Time 106.488614798
updateTime
passed_Time 107.48901391
updateTime
passed_Time 107.492769003
updateTime
passed_Time 107.875769854
updateTime
passed_Time 107.877787828
updateTime
passed_Time 108.49296999
updateTime
passed_Time 108.496310949
updateTime
passed_Time 109.497006893
updateTime
passed_Time 109.5003438
updateTime
passed_Time 110.500948906
updateTime
passed_Time 110.5043118
updateTime
passed_Time 110.883373976
updateTime
passed_Time 110.884894848
updateTime
passed_Time 111.504787922
updateTime
passed_Time 111.508011818
updateTime
passed_Time 112.508550882
updateTime
passed_Time 112.511819839
updateTime
passed_Time 113.512410879
updateTime
passed_Time 113.516168833
updateTime
passed_Time 113.892469883
updateTime
passed_Time 113.893618822
updateTime
passed_Time 114.516463995
updateTime
passed_Time 114.519834995
updateTime
passed_Time 115.520397902
updateTime
passed_Time 115.523587942
updateTime
passed_Time 116.524239779
updateTime
passed_Time 116.527537823
updateTime
passed_Time 116.899001837
updateTime
passed_Time 116.901440859
updateTime
passed_Time 117.528085947
updateTime
passed_Time 117.531655788
updateTime
passed_Time 118.531991005
updateTime
passed_Time 118.535298824
updateTime
passed_Time 119.535815954
updateTime
passed_Time 119.539563894
updateTime
passed_Time 119.90376687
updateTime
passed_Time 119.906703949
updateTime
passed_Time 120.54001379
updateTime
passed_Time 120.543397903
updateTime
passed_Time 121.543805838
updateTime
passed_Time 121.547041893
updateTime
passed_Time 122.547534943
updateTime
passed_Time 122.550799847
updateTime
passed_Time 122.910207987
updateTime
passed_Time 122.913180828
updateTime
passed_Time 123.551238775
updateTime
passed_Time 123.554696798
updateTime
passed_Time 124.555160999
updateTime
passed_Time 124.558339834
updateTime
passed_Time 125.558913946
updateTime
passed_Time 125.562203884
updateTime
passed_Time 125.917019844
updateTime
passed_Time 125.918115854
updateTime
passed_Time 126.562708855
updateTime
passed_Time 126.565949917
updateTime
passed_Time 127.56662488
updateTime
passed_Time 127.570115805
updateTime
passed_Time 128.570529938
updateTime
passed_Time 128.573951006
updateTime
updateTime
passed_Time 128.92532897
passed_Time 128.92550993
updateTime
passed_Time 129.574366808
updateTime
passed_Time 129.577765942
updateTime
passed_Time 130.578280926
updateTime
passed_Time 130.581474781
updateTime
passed_Time 131.581976891
updateTime
passed_Time 131.585569859
updateTime
passed_Time 131.930818796
updateTime
passed_Time 131.933514833
updateTime
passed_Time 132.586127996
updateTime
passed_Time 132.589450836
updateTime
passed_Time 133.589915991
updateTime
passed_Time 133.593375921
updateTime
passed_Time 134.593771935
updateTime
passed_Time 134.597057819
updateTime
passed_Time 134.937189817
updateTime
passed_Time 134.939464808
updateTime
passed_Time 135.59748888
updateTime
passed_Time 135.601226807
updateTime
passed_Time 136.601745844
updateTime
passed_Time 136.605319977
updateTime
passed_Time 137.605775833
updateTime
passed_Time 137.609015942
updateTime
passed_Time 137.943127871
updateTime
passed_Time 137.944758892
updateTime
passed_Time 138.60975194
updateTime
passed_Time 138.612959862
updateTime
passed_Time 139.613482952
updateTime
passed_Time 139.616743803
updateTime
passed_Time 140.617184877
updateTime
passed_Time 140.620462894
updateTime
passed_Time 140.949390888
updateTime
passed_Time 140.951348782
updateTime
passed_Time 141.621094942
updateTime
passed_Time 141.624411821
updateTime
passed_Time 142.624952793
updateTime
passed_Time 142.628179789
updateTime
passed_Time 143.628660917
updateTime
passed_Time 143.632078886
updateTime
passed_Time 143.956060886
updateTime
passed_Time 143.957680941
updateTime
passed_Time 144.63261199
updateTime
passed_Time 144.636114836
updateTime
passed_Time 145.636648893
updateTime
passed_Time 145.639916897
updateTime
passed_Time 146.640318871
updateTime
passed_Time 146.643710852
updateTime
passed_Time 146.962694883
updateTime
passed_Time 146.964500904
updateTime
passed_Time 147.644099951
updateTime
passed_Time 147.647273779
updateTime
passed_Time 148.647764921
updateTime
passed_Time 148.651009798
updateTime
passed_Time 149.651489973
updateTime
passed_Time 149.654706955
updateTime
passed_Time 149.969050884
updateTime
passed_Time 149.970904827
updateTime
passed_Time 150.655197859
updateTime
passed_Time 150.659006834
updateTime
passed_Time 151.65908885
updateTime
passed_Time 151.662486792
updateTime
passed_Time 152.662903786
updateTime
passed_Time 152.666191816
updateTime
passed_Time 152.976625919
updateTime
passed_Time 152.977872849
updateTime
passed_Time 153.666651011
updateTime
passed_Time 153.669857979
updateTime
passed_Time 154.670693874
updateTime
passed_Time 154.675035954
updateTime
passed_Time 155.675511837
updateTime
passed_Time 155.67888999
updateTime
passed_Time 155.985718966
updateTime
passed_Time 155.986859798
updateTime
passed_Time 156.679255009
updateTime
passed_Time 156.682585001
updateTime
passed_Time 157.683178902
updateTime
passed_Time 157.686503887
updateTime
passed_Time 158.687041998
updateTime
passed_Time 158.690318823
updateTime
updateTime
passed_Time 158.995660782
passed_Time 158.995869875
updateTime
passed_Time 159.690859795
updateTime
passed_Time 159.694325924
updateTime
passed_Time 160.694907904
updateTime
passed_Time 160.698240995
updateTime
passed_Time 161.698700905
updateTime
passed_Time 161.702021837
updateTime
passed_Time 162.002915859
updateTime
passed_Time 162.004748821
updateTime
passed_Time 162.702488899
updateTime
passed_Time 162.706036806
updateTime
passed_Time 163.706609011
updateTime
passed_Time 163.709837914
updateTime
passed_Time 164.71031785
updateTime
passed_Time 164.713538885
updateTime
passed_Time 165.00917387
updateTime
passed_Time 165.011324883
updateTime
passed_Time 165.714108944
updateTime
passed_Time 165.717363834
updateTime
passed_Time 166.717848778
updateTime
passed_Time 166.72142601
updateTime
passed_Time 167.721771002
updateTime
passed_Time 167.72518301
updateTime
passed_Time 168.012957811
updateTime
passed_Time 168.017351866
updateTime
passed_Time 168.725576878
updateTime
passed_Time 168.729079008
updateTime
passed_Time 169.729804993
updateTime
passed_Time 169.733078003
updateTime
passed_Time 170.73355794
updateTime
passed_Time 170.736804008
updateTime
passed_Time 171.019580841
updateTime
passed_Time 171.021201849
updateTime
passed_Time 171.737308979
updateTime
passed_Time 171.740561008
updateTime
passed_Time 172.741051912
updateTime
passed_Time 172.744556904
updateTime
passed_Time 173.745350838
updateTime
passed_Time 173.748839855
updateTime
passed_Time 174.024949789
updateTime
passed_Time 174.02846694
updateTime
passed_Time 174.749243975
updateTime
passed_Time 174.752654791
updateTime
passed_Time 175.753268003
updateTime
passed_Time 175.756434917
updateTime
passed_Time 176.756939888
updateTime
passed_Time 176.760217905
updateTime
passed_Time 177.029346943
updateTime
passed_Time 177.034009933
POST /warState/state 127.0.0.1{u'state': u'running'}
setState
RESPONSE /warState/state 127.0.0.1{'state': u'running'}
updateTime
passed_Time 0.628845930099
updateTime
passed_Time 0.632251977921
updateTime
passed_Time 1.63273596764
updateTime
passed_Time 1.63648200035
POST /submits 127.0.0.1{u'side': u'b', u'id': u'0001', u'name': u'NoName'}
updateTime
passed_Time 2.40296387672
RESPONSE /submits 127.0.0.1{'new': False, 'mutch': True, 'target': {'player': u'b', 'name': u'FriedShrimp_N', 'point': u'1'}, 'error': 'no error'}
POST /submits 127.0.0.1{u'side': u'b', u'id': u'0001', u'name': u'NoName'}
updateTime
passed_Time 2.50210690498
RESPONSE /submits 127.0.0.1{'new': False, 'mutch': True, 'target': {'player': u'b', 'name': u'FriedShrimp_N', 'point': u'1'}, 'error': 'no error'}
POST /submits 127.0.0.1{u'side': u'b', u'id': u'0001', u'name': u'NoName'}
updateTime
passed_Time 2.60216498375
RESPONSE /submits 127.0.0.1{'new': False, 'mutch': True, 'target': {'player': u'b', 'name': u'FriedShrimp_N', 'point': u'1'}, 'error': 'no error'}
updateTime
passed_Time 2.63629698753
updateTime
passed_Time 2.63949298859
POST /submits 127.0.0.1{u'side': u'b', u'id': u'0001', u'name': u'NoName'}
updateTime
passed_Time 2.70208597183
RESPONSE /submits 127.0.0.1{'new': False, 'mutch': True, 'target': {'player': u'b', 'name': u'FriedShrimp_N', 'point': u'1'}, 'error': 'no error'}
POST /submits 127.0.0.1{u'side': u'b', u'id': u'0001', u'name': u'NoName'}
updateTime
passed_Time 2.80168485641
RESPONSE /submits 127.0.0.1{'new': False, 'mutch': True, 'target': {'player': u'b', 'name': u'FriedShrimp_N', 'point': u'1'}, 'error': 'no error'}
POST /submits 127.0.0.1{u'side': u'b', u'id': u'0001', u'name': u'NoName'}
updateTime
passed_Time 2.90251898766
RESPONSE /submits 127.0.0.1{'new': False, 'mutch': True, 'target': {'player': u'b', 'name': u'FriedShrimp_N', 'point': u'1'}, 'error': 'no error'}
updateTime
passed_Time 2.90437698364
updateTime
passed_Time 2.90820598602
POST /submits 127.0.0.1{u'side': u'b', u'id': u'0001', u'name': u'NoName'}
updateTime
passed_Time 3.00261688232
RESPONSE /submits 127.0.0.1{'new': False, 'mutch': True, 'target': {'player': u'b', 'name': u'FriedShrimp_N', 'point': u'1'}, 'error': 'no error'}
POST /submits 127.0.0.1{u'side': u'b', u'id': u'0001', u'name': u'NoName'}
updateTime
passed_Time 3.1021668911
RESPONSE /submits 127.0.0.1{'new': False, 'mutch': True, 'target': {'player': u'b', 'name': u'FriedShrimp_N', 'point': u'1'}, 'error': 'no error'}
POST /submits 127.0.0.1{u'side': u'b', u'id': u'0001', u'name': u'NoName'}
updateTime
passed_Time 3.2037320137
RESPONSE /submits 127.0.0.1{'new': False, 'mutch': True, 'target': {'player': u'b', 'name': u'FriedShrimp_N', 'point': u'1'}, 'error': 'no error'}
POST /submits 127.0.0.1{u'side': u'b', u'id': u'0001', u'name': u'NoName'}
updateTime
passed_Time 3.30248403549
RESPONSE /submits 127.0.0.1{'new': False, 'mutch': True, 'target': {'player': u'b', 'name': u'FriedShrimp_N', 'point': u'1'}, 'error': 'no error'}
POST /submits 127.0.0.1{u'side': u'b', u'id': u'0001', u'name': u'NoName'}
updateTime
passed_Time 3.40311098099
RESPONSE /submits 127.0.0.1{'new': False, 'mutch': True, 'target': {'player': u'b', 'name': u'FriedShrimp_N', 'point': u'1'}, 'error': 'no error'}
POST /submits 127.0.0.1{u'side': u'b', u'id': u'0001', u'name': u'NoName'}
updateTime
passed_Time 3.50310492516
RESPONSE /submits 127.0.0.1{'new': False, 'mutch': True, 'target': {'player': u'b', 'name': u'FriedShrimp_N', 'point': u'1'}, 'error': 'no error'}
POST /submits 127.0.0.1{u'side': u'b', u'id': u'0001', u'name': u'NoName'}
updateTime
passed_Time 3.6028008461
RESPONSE /submits 127.0.0.1{'new': False, 'mutch': True, 'target': {'player': u'b', 'name': u'FriedShrimp_N', 'point': u'1'}, 'error': 'no error'}
updateTime
passed_Time 3.6400539875
updateTime
passed_Time 3.64321994781
POST /submits 127.0.0.1{u'side': u'b', u'id': u'0001', u'name': u'NoName'}
updateTime
passed_Time 3.70343089104
RESPONSE /submits 127.0.0.1{'new': False, 'mutch': True, 'target': {'player': u'b', 'name': u'FriedShrimp_N', 'point': u'1'}, 'error': 'no error'}
POST /submits 127.0.0.1{u'side': u'r', u'id': u'0002', u'name': u'NoName'}
updateTime
passed_Time 3.70845198631
RESPONSE /submits 127.0.0.1{'new': True, 'mutch': True, 'target': {'player': u'r', 'name': u'FriedShrimp_S', 'point': u'1'}, 'error': 'no error'}
POST /submits 127.0.0.1{u'side': u'b', u'id': u'0001', u'name': u'NoName'}
updateTime
passed_Time 3.80328392982
RESPONSE /submits 127.0.0.1{'new': False, 'mutch': True, 'target': {'player': u'b', 'name': u'FriedShrimp_N', 'point': u'1'}, 'error': 'no error'}
POST /submits 127.0.0.1{u'side': u'r', u'id': u'0002', u'name': u'NoName'}
updateTime
passed_Time 3.80748486519
RESPONSE /submits 127.0.0.1{'new': False, 'mutch': True, 'target': {'player': u'r', 'name': u'FriedShrimp_S', 'point': u'1'}, 'error': 'no error'}
POST /submits 127.0.0.1{u'side': u'b', u'id': u'0001', u'name': u'NoName'}
updateTime
passed_Time 3.90332102776
RESPONSE /submits 127.0.0.1{'new': False, 'mutch': True, 'target': {'player': u'b', 'name': u'FriedShrimp_N', 'point': u'1'}, 'error': 'no error'}
POST /submits 127.0.0.1{u'side': u'r', u'id': u'0002', u'name': u'NoName'}
updateTime
passed_Time 3.90747904778
RESPONSE /submits 127.0.0.1{'new': False, 'mutch': True, 'target': {'player': u'r', 'name': u'FriedShrimp_S', 'point': u'1'}, 'error': 'no error'}
POST /submits 127.0.0.1{u'side': u'b', u'id': u'0001', u'name': u'NoName'}
updateTime
passed_Time 4.00217890739
RESPONSE /submits 127.0.0.1{'new': False, 'mutch': True, 'target': {'player': u'b', 'name': u'FriedShrimp_N', 'point': u'1'}, 'error': 'no error'}
POST /submits 127.0.0.1{u'side': u'r', u'id': u'0002', u'name': u'NoName'}
updateTime
passed_Time 4.00699496269
RESPONSE /submits 127.0.0.1{'new': False, 'mutch': True, 'target': {'player': u'r', 'name': u'FriedShrimp_S', 'point': u'1'}, 'error': 'no error'}
POST /submits 127.0.0.1{u'side': u'b', u'id': u'0001', u'name': u'NoName'}
updateTime
passed_Time 4.10315990448
RESPONSE /submits 127.0.0.1{'new': False, 'mutch': True, 'target': {'player': u'b', 'name': u'FriedShrimp_N', 'point': u'1'}, 'error': 'no error'}
POST /submits 127.0.0.1{u'side': u'r', u'id': u'0002', u'name': u'NoName'}
updateTime
passed_Time 4.10675287247
RESPONSE /submits 127.0.0.1{'new': False, 'mutch': True, 'target': {'player': u'r', 'name': u'FriedShrimp_S', 'point': u'1'}, 'error': 'no error'}
POST /submits 127.0.0.1{u'side': u'b', u'id': u'0001', u'name': u'NoName'}
updateTime
passed_Time 4.20267701149
RESPONSE /submits 127.0.0.1{'new': False, 'mutch': True, 'target': {'player': u'b', 'name': u'FriedShrimp_N', 'point': u'1'}, 'error': 'no error'}
POST /submits 127.0.0.1{u'side': u'r', u'id': u'0002', u'name': u'NoName'}
updateTime
passed_Time 4.20652103424
RESPONSE /submits 127.0.0.1{'new': False, 'mutch': True, 'target': {'player': u'r', 'name': u'FriedShrimp_S', 'point': u'1'}, 'error': 'no error'}
POST /submits 127.0.0.1{u'side': u'b', u'id': u'0001', u'name': u'NoName'}
updateTime
passed_Time 4.30329799652
RESPONSE /submits 127.0.0.1{'new': False, 'mutch': True, 'target': {'player': u'b', 'name': u'FriedShrimp_N', 'point': u'1'}, 'error': 'no error'}
POST /submits 127.0.0.1{u'side': u'r', u'id': u'0002', u'name': u'NoName'}
updateTime
passed_Time 4.30701494217
RESPONSE /submits 127.0.0.1{'new': False, 'mutch': True, 'target': {'player': u'r', 'name': u'FriedShrimp_S', 'point': u'1'}, 'error': 'no error'}
POST /submits 127.0.0.1{u'side': u'b', u'id': u'0001', u'name': u'NoName'}
updateTime
passed_Time 4.40328884125
RESPONSE /submits 127.0.0.1{'new': False, 'mutch': True, 'target': {'player': u'b', 'name': u'FriedShrimp_N', 'point': u'1'}, 'error': 'no error'}
POST /submits 127.0.0.1{u'side': u'r', u'id': u'0002', u'name': u'NoName'}
updateTime
passed_Time 4.40690493584
RESPONSE /submits 127.0.0.1{'new': False, 'mutch': True, 'target': {'player': u'r', 'name': u'FriedShrimp_S', 'point': u'1'}, 'error': 'no error'}
POST /submits 127.0.0.1{u'side': u'b', u'id': u'0001', u'name': u'NoName'}
updateTime
passed_Time 4.50329899788
RESPONSE /submits 127.0.0.1{'new': False, 'mutch': True, 'target': {'player': u'b', 'name': u'FriedShrimp_N', 'point': u'1'}, 'error': 'no error'}
POST /submits 127.0.0.1{u'side': u'r', u'id': u'0002', u'name': u'NoName'}
updateTime
passed_Time 4.50664305687
RESPONSE /submits 127.0.0.1{'new': False, 'mutch': True, 'target': {'player': u'r', 'name': u'FriedShrimp_S', 'point': u'1'}, 'error': 'no error'}
POST /submits 127.0.0.1{u'side': u'b', u'id': u'0001', u'name': u'NoName'}
updateTime
passed_Time 4.60272192955
RESPONSE /submits 127.0.0.1{'new': False, 'mutch': True, 'target': {'player': u'b', 'name': u'FriedShrimp_N', 'point': u'1'}, 'error': 'no error'}
POST /submits 127.0.0.1{u'side': u'r', u'id': u'0002', u'name': u'NoName'}
updateTime
passed_Time 4.60770893097
RESPONSE /submits 127.0.0.1{'new': False, 'mutch': True, 'target': {'player': u'r', 'name': u'FriedShrimp_S', 'point': u'1'}, 'error': 'no error'}
updateTime
passed_Time 4.6435239315
updateTime
passed_Time 4.64651203156
POST /submits 127.0.0.1{u'side': u'b', u'id': u'0001', u'name': u'NoName'}
updateTime
passed_Time 4.7034778595
RESPONSE /submits 127.0.0.1{'new': False, 'mutch': True, 'target': {'player': u'b', 'name': u'FriedShrimp_N', 'point': u'1'}, 'error': 'no error'}
POST /submits 127.0.0.1{u'side': u'r', u'id': u'0002', u'name': u'NoName'}
updateTime
passed_Time 4.70699906349
RESPONSE /submits 127.0.0.1{'new': False, 'mutch': True, 'target': {'player': u'r', 'name': u'FriedShrimp_S', 'point': u'1'}, 'error': 'no error'}
POST /submits 127.0.0.1{u'side': u'b', u'id': u'0001', u'name': u'NoName'}
updateTime
passed_Time 4.80306887627
RESPONSE /submits 127.0.0.1{'new': False, 'mutch': True, 'target': {'player': u'b', 'name': u'FriedShrimp_N', 'point': u'1'}, 'error': 'no error'}
POST /submits 127.0.0.1{u'side': u'r', u'id': u'0002', u'name': u'NoName'}
updateTime
passed_Time 4.80674505234
RESPONSE /submits 127.0.0.1{'new': False, 'mutch': True, 'target': {'player': u'r', 'name': u'FriedShrimp_S', 'point': u'1'}, 'error': 'no error'}
POST /submits 127.0.0.1{u'side': u'b', u'id': u'0001', u'name': u'NoName'}
updateTime
passed_Time 4.90305805206
RESPONSE /submits 127.0.0.1{'new': False, 'mutch': True, 'target': {'player': u'b', 'name': u'FriedShrimp_N', 'point': u'1'}, 'error': 'no error'}
POST /submits 127.0.0.1{u'side': u'r', u'id': u'0002', u'name': u'NoName'}
updateTime
passed_Time 4.90771603584
RESPONSE /submits 127.0.0.1{'new': False, 'mutch': True, 'target': {'player': u'r', 'name': u'FriedShrimp_S', 'point': u'1'}, 'error': 'no error'}
POST /submits 127.0.0.1{u'side': u'b', u'id': u'0001', u'name': u'NoName'}
updateTime
passed_Time 5.00500798225
RESPONSE /submits 127.0.0.1{'new': False, 'mutch': True, 'target': {'player': u'b', 'name': u'FriedShrimp_N', 'point': u'1'}, 'error': 'no error'}
POST /submits 127.0.0.1{u'side': u'r', u'id': u'0002', u'name': u'NoName'}
updateTime
passed_Time 5.00884699821
RESPONSE /submits 127.0.0.1{'new': False, 'mutch': True, 'target': {'player': u'r', 'name': u'FriedShrimp_S', 'point': u'1'}, 'error': 'no error'}
POST /submits 127.0.0.1{u'side': u'b', u'id': u'0001', u'name': u'NoName'}
updateTime
passed_Time 5.1034309864
RESPONSE /submits 127.0.0.1{'new': False, 'mutch': True, 'target': {'player': u'b', 'name': u'FriedShrimp_N', 'point': u'1'}, 'error': 'no error'}
POST /submits 127.0.0.1{u'side': u'r', u'id': u'0002', u'name': u'NoName'}
updateTime
passed_Time 5.10713791847
RESPONSE /submits 127.0.0.1{'new': False, 'mutch': True, 'target': {'player': u'r', 'name': u'FriedShrimp_S', 'point': u'1'}, 'error': 'no error'}
POST /submits 127.0.0.1{u'side': u'b', u'id': u'0001', u'name': u'NoName'}
updateTime
passed_Time 5.20292592049
RESPONSE /submits 127.0.0.1{'new': False, 'mutch': True, 'target': {'player': u'b', 'name': u'FriedShrimp_N', 'point': u'1'}, 'error': 'no error'}
POST /submits 127.0.0.1{u'side': u'r', u'id': u'0002', u'name': u'NoName'}
updateTime
passed_Time 5.20774698257
RESPONSE /submits 127.0.0.1{'new': False, 'mutch': True, 'target': {'player': u'r', 'name': u'FriedShrimp_S', 'point': u'1'}, 'error': 'no error'}
POST /submits 127.0.0.1{u'side': u'b', u'id': u'0001', u'name': u'NoName'}
updateTime
passed_Time 5.30379891396
RESPONSE /submits 127.0.0.1{'new': False, 'mutch': True, 'target': {'player': u'b', 'name': u'FriedShrimp_N', 'point': u'1'}, 'error': 'no error'}
POST /submits 127.0.0.1{u'side': u'r', u'id': u'0002', u'name': u'NoName'}
updateTime
passed_Time 5.30732393265
RESPONSE /submits 127.0.0.1{'new': False, 'mutch': True, 'target': {'player': u'r', 'name': u'FriedShrimp_S', 'point': u'1'}, 'error': 'no error'}
POST /submits 127.0.0.1{u'side': u'b', u'id': u'0001', u'name': u'NoName'}
updateTime
passed_Time 5.40448284149
RESPONSE /submits 127.0.0.1{'new': False, 'mutch': True, 'target': {'player': u'b', 'name': u'FriedShrimp_N', 'point': u'1'}, 'error': 'no error'}
POST /submits 127.0.0.1{u'side': u'r', u'id': u'0002', u'name': u'NoName'}
updateTime
passed_Time 5.40854787827
RESPONSE /submits 127.0.0.1{'new': False, 'mutch': True, 'target': {'player': u'r', 'name': u'FriedShrimp_S', 'point': u'1'}, 'error': 'no error'}
POST /submits 127.0.0.1{u'side': u'b', u'id': u'0001', u'name': u'NoName'}
updateTime
passed_Time 5.50400686264
RESPONSE /submits 127.0.0.1{'new': False, 'mutch': True, 'target': {'player': u'b', 'name': u'FriedShrimp_N', 'point': u'1'}, 'error': 'no error'}
POST /submits 127.0.0.1{u'side': u'r', u'id': u'0002', u'name': u'NoName'}
updateTime
passed_Time 5.50882005692
RESPONSE /submits 127.0.0.1{'new': False, 'mutch': True, 'target': {'player': u'r', 'name': u'FriedShrimp_S', 'point': u'1'}, 'error': 'no error'}
POST /submits 127.0.0.1{u'side': u'b', u'id': u'0001', u'name': u'NoName'}
updateTime
passed_Time 5.60325694084
RESPONSE /submits 127.0.0.1{'new': False, 'mutch': True, 'target': {'player': u'b', 'name': u'FriedShrimp_N', 'point': u'1'}, 'error': 'no error'}
POST /submits 127.0.0.1{u'side': u'r', u'id': u'0002', u'name': u'NoName'}
updateTime
passed_Time 5.60836696625
RESPONSE /submits 127.0.0.1{'new': False, 'mutch': True, 'target': {'player': u'r', 'name': u'FriedShrimp_S', 'point': u'1'}, 'error': 'no error'}
updateTime
passed_Time 5.64688491821
updateTime
passed_Time 5.64984893799
POST /submits 127.0.0.1{u'side': u'b', u'id': u'0001', u'name': u'NoName'}
updateTime
passed_Time 5.70414400101
RESPONSE /submits 127.0.0.1{'new': False, 'mutch': True, 'target': {'player': u'b', 'name': u'FriedShrimp_N', 'point': u'1'}, 'error': 'no error'}
POST /submits 127.0.0.1{u'side': u'r', u'id': u'0002', u'name': u'NoName'}
updateTime
passed_Time 5.7081079483
RESPONSE /submits 127.0.0.1{'new': False, 'mutch': True, 'target': {'player': u'r', 'name': u'FriedShrimp_S', 'point': u'1'}, 'error': 'no error'}
POST /submits 127.0.0.1{u'side': u'b', u'id': u'0001', u'name': u'NoName'}
updateTime
passed_Time 5.80420589447
RESPONSE /submits 127.0.0.1{'new': False, 'mutch': True, 'target': {'player': u'b', 'name': u'FriedShrimp_N', 'point': u'1'}, 'error': 'no error'}
POST /submits 127.0.0.1{u'side': u'r', u'id': u'0002', u'name': u'NoName'}
updateTime
passed_Time 5.80785894394
RESPONSE /submits 127.0.0.1{'new': False, 'mutch': True, 'target': {'player': u'r', 'name': u'FriedShrimp_S', 'point': u'1'}, 'error': 'no error'}
POST /submits 127.0.0.1{u'side': u'b', u'id': u'0001', u'name': u'NoName'}
updateTime
passed_Time 5.9035449028
RESPONSE /submits 127.0.0.1{'new': False, 'mutch': True, 'target': {'player': u'b', 'name': u'FriedShrimp_N', 'point': u'1'}, 'error': 'no error'}
POST /submits 127.0.0.1{u'side': u'r', u'id': u'0002', u'name': u'NoName'}
updateTime
updateTime
passed_Time 5.91168904305
passed_Time 5.91185498238
RESPONSE /submits 127.0.0.1{'new': False, 'mutch': True, 'target': {'player': u'r', 'name': u'FriedShrimp_S', 'point': u'1'}, 'error': 'no error'}
updateTime
passed_Time 5.91463494301
POST /submits 127.0.0.1{u'side': u'b', u'id': u'0001', u'name': u'NoName'}
updateTime
passed_Time 6.00384402275
RESPONSE /submits 127.0.0.1{'new': False, 'mutch': True, 'target': {'player': u'b', 'name': u'FriedShrimp_N', 'point': u'1'}, 'error': 'no error'}
POST /submits 127.0.0.1{u'side': u'r', u'id': u'0002', u'name': u'NoName'}
updateTime
passed_Time 6.00878787041
RESPONSE /submits 127.0.0.1{'new': False, 'mutch': True, 'target': {'player': u'r', 'name': u'FriedShrimp_S', 'point': u'1'}, 'error': 'no error'}
POST /submits 127.0.0.1{u'side': u'b', u'id': u'0001', u'name': u'NoName'}
updateTime
passed_Time 6.10514903069
RESPONSE /submits 127.0.0.1{'new': False, 'mutch': True, 'target': {'player': u'b', 'name': u'FriedShrimp_N', 'point': u'1'}, 'error': 'no error'}
POST /submits 127.0.0.1{u'side': u'r', u'id': u'0002', u'name': u'NoName'}
updateTime
passed_Time 6.10826206207
RESPONSE /submits 127.0.0.1{'new': False, 'mutch': True, 'target': {'player': u'r', 'name': u'FriedShrimp_S', 'point': u'1'}, 'error': 'no error'}
POST /submits 127.0.0.1{u'side': u'b', u'id': u'0001', u'name': u'NoName'}
updateTime
passed_Time 6.20485186577
RESPONSE /submits 127.0.0.1{'new': False, 'mutch': True, 'target': {'player': u'b', 'name': u'FriedShrimp_N', 'point': u'1'}, 'error': 'no error'}
POST /submits 127.0.0.1{u'side': u'r', u'id': u'0002', u'name': u'NoName'}
updateTime
passed_Time 6.20852994919
RESPONSE /submits 127.0.0.1{'new': False, 'mutch': True, 'target': {'player': u'r', 'name': u'FriedShrimp_S', 'point': u'1'}, 'error': 'no error'}
POST /submits 127.0.0.1{u'side': u'b', u'id': u'0001', u'name': u'NoName'}
updateTime
passed_Time 6.30499100685
RESPONSE /submits 127.0.0.1{'new': False, 'mutch': True, 'target': {'player': u'b', 'name': u'FriedShrimp_N', 'point': u'1'}, 'error': 'no error'}
POST /submits 127.0.0.1{u'side': u'r', u'id': u'0002', u'name': u'NoName'}
updateTime
passed_Time 6.30862188339
RESPONSE /submits 127.0.0.1{'new': False, 'mutch': True, 'target': {'player': u'r', 'name': u'FriedShrimp_S', 'point': u'1'}, 'error': 'no error'}
POST /submits 127.0.0.1{u'side': u'b', u'id': u'0001', u'name': u'NoName'}
updateTime
passed_Time 6.4037258625
RESPONSE /submits 127.0.0.1{'new': False, 'mutch': True, 'target': {'player': u'b', 'name': u'FriedShrimp_N', 'point': u'1'}, 'error': 'no error'}
POST /submits 127.0.0.1{u'side': u'r', u'id': u'0002', u'name': u'NoName'}
updateTime
passed_Time 6.40917301178
RESPONSE /submits 127.0.0.1{'new': False, 'mutch': True, 'target': {'player': u'r', 'name': u'FriedShrimp_S', 'point': u'1'}, 'error': 'no error'}
POST /submits 127.0.0.1{u'side': u'b', u'id': u'0001', u'name': u'NoName'}
updateTime
passed_Time 6.50479388237
RESPONSE /submits 127.0.0.1{'new': False, 'mutch': True, 'target': {'player': u'b', 'name': u'FriedShrimp_N', 'point': u'1'}, 'error': 'no error'}
POST /submits 127.0.0.1{u'side': u'r', u'id': u'0002', u'name': u'NoName'}
updateTime
passed_Time 6.5083489418
RESPONSE /submits 127.0.0.1{'new': False, 'mutch': True, 'target': {'player': u'r', 'name': u'FriedShrimp_S', 'point': u'1'}, 'error': 'no error'}
POST /submits 127.0.0.1{u'side': u'b', u'id': u'0001', u'name': u'NoName'}
updateTime
passed_Time 6.60489296913
RESPONSE /submits 127.0.0.1{'new': False, 'mutch': True, 'target': {'player': u'b', 'name': u'FriedShrimp_N', 'point': u'1'}, 'error': 'no error'}
POST /submits 127.0.0.1{u'side': u'r', u'id': u'0002', u'name': u'NoName'}
updateTime
passed_Time 6.60885596275
RESPONSE /submits 127.0.0.1{'new': False, 'mutch': True, 'target': {'player': u'r', 'name': u'FriedShrimp_S', 'point': u'1'}, 'error': 'no error'}
updateTime
passed_Time 6.65016889572
updateTime
passed_Time 6.65358805656
POST /submits 127.0.0.1{u'side': u'b', u'id': u'0001', u'name': u'NoName'}
updateTime
passed_Time 6.70446205139
RESPONSE /submits 127.0.0.1{'new': False, 'mutch': True, 'target': {'player': u'b', 'name': u'FriedShrimp_N', 'point': u'1'}, 'error': 'no error'}
POST /submits 127.0.0.1{u'side': u'r', u'id': u'0002', u'name': u'NoName'}
updateTime
passed_Time 6.70892596245
RESPONSE /submits 127.0.0.1{'new': False, 'mutch': True, 'target': {'player': u'r', 'name': u'FriedShrimp_S', 'point': u'1'}, 'error': 'no error'}
POST /submits 127.0.0.1{u'side': u'b', u'id': u'0001', u'name': u'NoName'}
updateTime
passed_Time 6.80473899841
RESPONSE /submits 127.0.0.1{'new': False, 'mutch': True, 'target': {'player': u'b', 'name': u'FriedShrimp_N', 'point': u'1'}, 'error': 'no error'}
POST /submits 127.0.0.1{u'side': u'r', u'id': u'0002', u'name': u'NoName'}
updateTime
passed_Time 6.80851197243
RESPONSE /submits 127.0.0.1{'new': False, 'mutch': True, 'target': {'player': u'r', 'name': u'FriedShrimp_S', 'point': u'1'}, 'error': 'no error'}
POST /submits 127.0.0.1{u'side': u'b', u'id': u'0001', u'name': u'NoName'}
updateTime
passed_Time 6.9039978981
RESPONSE /submits 127.0.0.1{'new': False, 'mutch': True, 'target': {'player': u'b', 'name': u'FriedShrimp_N', 'point': u'1'}, 'error': 'no error'}
POST /submits 127.0.0.1{u'side': u'r', u'id': u'0002', u'name': u'NoName'}
updateTime
passed_Time 6.91005897522
RESPONSE /submits 127.0.0.1{'new': False, 'mutch': True, 'target': {'player': u'r', 'name': u'FriedShrimp_S', 'point': u'1'}, 'error': 'no error'}
POST /submits 127.0.0.1{u'side': u'b', u'id': u'0001', u'name': u'NoName'}
updateTime
passed_Time 7.00465703011
RESPONSE /submits 127.0.0.1{'new': False, 'mutch': True, 'target': {'player': u'b', 'name': u'FriedShrimp_N', 'point': u'1'}, 'error': 'no error'}
POST /submits 127.0.0.1{u'side': u'r', u'id': u'0002', u'name': u'NoName'}
updateTime
passed_Time 7.01005601883
RESPONSE /submits 127.0.0.1{'new': False, 'mutch': True, 'target': {'player': u'r', 'name': u'FriedShrimp_S', 'point': u'1'}, 'error': 'no error'}
POST /submits 127.0.0.1{u'side': u'b', u'id': u'0001', u'name': u'NoName'}
updateTime
passed_Time 7.10644102097
RESPONSE /submits 127.0.0.1{'new': False, 'mutch': True, 'target': {'player': u'b', 'name': u'FriedShrimp_N', 'point': u'1'}, 'error': 'no error'}
POST /submits 127.0.0.1{u'side': u'b', u'id': u'0001', u'name': u'NoName'}
updateTime
passed_Time 7.20477294922
RESPONSE /submits 127.0.0.1{'new': False, 'mutch': True, 'target': {'player': u'b', 'name': u'FriedShrimp_N', 'point': u'1'}, 'error': 'no error'}
POST /submits 127.0.0.1{u'side': u'b', u'id': u'0001', u'name': u'NoName'}
updateTime
passed_Time 7.30519604683
RESPONSE /submits 127.0.0.1{'new': False, 'mutch': True, 'target': {'player': u'b', 'name': u'FriedShrimp_N', 'point': u'1'}, 'error': 'no error'}
POST /submits 127.0.0.1{u'side': u'b', u'id': u'0001', u'name': u'NoName'}
updateTime
passed_Time 7.4046330452
RESPONSE /submits 127.0.0.1{'new': False, 'mutch': True, 'target': {'player': u'b', 'name': u'FriedShrimp_N', 'point': u'1'}, 'error': 'no error'}
POST /submits 127.0.0.1{u'side': u'b', u'id': u'0001', u'name': u'NoName'}
updateTime
passed_Time 7.60676503181
RESPONSE /submits 127.0.0.1{'new': False, 'mutch': True, 'target': {'player': u'b', 'name': u'FriedShrimp_N', 'point': u'1'}, 'error': 'no error'}
updateTime
passed_Time 7.65402388573
updateTime
passed_Time 7.65733194351
POST /submits 127.0.0.1{u'side': u'b', u'id': u'0001', u'name': u'NoName'}
updateTime
passed_Time 7.70531606674
RESPONSE /submits 127.0.0.1{'new': False, 'mutch': True, 'target': {'player': u'b', 'name': u'FriedShrimp_N', 'point': u'1'}, 'error': 'no error'}
POST /submits 127.0.0.1{u'side': u'b', u'id': u'0001', u'name': u'NoName'}
updateTime
passed_Time 7.80535292625
RESPONSE /submits 127.0.0.1{'new': False, 'mutch': True, 'target': {'player': u'b', 'name': u'FriedShrimp_N', 'point': u'1'}, 'error': 'no error'}
POST /submits 127.0.0.1{u'side': u'b', u'id': u'0001', u'name': u'NoName'}
updateTime
passed_Time 7.90498399734
RESPONSE /submits 127.0.0.1{'new': False, 'mutch': True, 'target': {'player': u'b', 'name': u'FriedShrimp_N', 'point': u'1'}, 'error': 'no error'}
POST /submits 127.0.0.1{u'side': u'b', u'id': u'0001', u'name': u'NoName'}
updateTime
passed_Time 8.00600790977
RESPONSE /submits 127.0.0.1{'new': False, 'mutch': True, 'target': {'player': u'b', 'name': u'FriedShrimp_N', 'point': u'1'}, 'error': 'no error'}
POST /submits 127.0.0.1{u'side': u'b', u'id': u'0001', u'name': u'NoName'}
updateTime
passed_Time 8.10596990585
RESPONSE /submits 127.0.0.1{'new': False, 'mutch': True, 'target': {'player': u'b', 'name': u'FriedShrimp_N', 'point': u'1'}, 'error': 'no error'}
POST /submits 127.0.0.1{u'side': u'b', u'id': u'0001', u'name': u'NoName'}
updateTime
passed_Time 8.20551896095
RESPONSE /submits 127.0.0.1{'new': False, 'mutch': True, 'target': {'player': u'b', 'name': u'FriedShrimp_N', 'point': u'1'}, 'error': 'no error'}
POST /submits 127.0.0.1{u'side': u'b', u'id': u'0001', u'name': u'NoName'}
updateTime
passed_Time 8.30642294884
RESPONSE /submits 127.0.0.1{'new': False, 'mutch': True, 'target': {'player': u'b', 'name': u'FriedShrimp_N', 'point': u'1'}, 'error': 'no error'}
updateTime
passed_Time 8.65781497955
updateTime
passed_Time 8.66128396988
updateTime
passed_Time 8.92093205452
updateTime
passed_Time 8.9220199585
updateTime
passed_Time 9.66173887253
updateTime
passed_Time 9.66500306129
updateTime
passed_Time 10.665489912
updateTime
passed_Time 10.6688308716
updateTime
passed_Time 11.6694028378
updateTime
passed_Time 11.6731598377
updateTime
passed_Time 11.9277598858
updateTime
passed_Time 11.9296178818
updateTime
passed_Time 12.6732919216
updateTime
passed_Time 12.6768519878
updateTime
passed_Time 13.6772768497
updateTime
passed_Time 13.6811599731
updateTime
passed_Time 14.6817059517
updateTime
passed_Time 14.6848769188
updateTime
passed_Time 14.9327600002
updateTime
passed_Time 14.935988903
updateTime
passed_Time 15.6854388714
updateTime
passed_Time 15.6888940334
updateTime
passed_Time 16.6892569065
updateTime
passed_Time 16.6926579475
updateTime
passed_Time 17.6931128502
updateTime
passed_Time 17.6964900494
POST /submits 127.0.0.1{u'side': u'r', u'id': u'0002', u'name': u'NoName'}
updateTime
passed_Time 17.8162858486
RESPONSE /submits 127.0.0.1{'new': False, 'mutch': True, 'target': {'player': u'r', 'name': u'FriedShrimp_S', 'point': u'1'}, 'error': 'no error'}
POST /submits 127.0.0.1{u'side': u'r', u'id': u'0002', u'name': u'NoName'}
updateTime
passed_Time 17.9172170162
RESPONSE /submits 127.0.0.1{'new': False, 'mutch': True, 'target': {'player': u'r', 'name': u'FriedShrimp_S', 'point': u'1'}, 'error': 'no error'}
updateTime
passed_Time 17.9383530617
updateTime
passed_Time 17.9411330223
POST /submits 127.0.0.1{u'side': u'r', u'id': u'0002', u'name': u'NoName'}
updateTime
passed_Time 18.0173039436
RESPONSE /submits 127.0.0.1{'new': False, 'mutch': True, 'target': {'player': u'r', 'name': u'FriedShrimp_S', 'point': u'1'}, 'error': 'no error'}
POST /submits 127.0.0.1{u'side': u'r', u'id': u'0002', u'name': u'NoName'}
updateTime
passed_Time 18.1166100502
RESPONSE /submits 127.0.0.1{'new': False, 'mutch': True, 'target': {'player': u'r', 'name': u'FriedShrimp_S', 'point': u'1'}, 'error': 'no error'}
POST /submits 127.0.0.1{u'side': u'r', u'id': u'0002', u'name': u'NoName'}
updateTime
passed_Time 18.2163619995
RESPONSE /submits 127.0.0.1{'new': False, 'mutch': True, 'target': {'player': u'r', 'name': u'FriedShrimp_S', 'point': u'1'}, 'error': 'no error'}
POST /submits 127.0.0.1{u'side': u'r', u'id': u'0002', u'name': u'NoName'}
updateTime
passed_Time 18.3162858486
RESPONSE /submits 127.0.0.1{'new': False, 'mutch': True, 'target': {'player': u'r', 'name': u'FriedShrimp_S', 'point': u'1'}, 'error': 'no error'}
POST /submits 127.0.0.1{u'side': u'r', u'id': u'0002', u'name': u'NoName'}
updateTime
passed_Time 18.4174418449
RESPONSE /submits 127.0.0.1{'new': False, 'mutch': True, 'target': {'player': u'r', 'name': u'FriedShrimp_S', 'point': u'1'}, 'error': 'no error'}
POST /submits 127.0.0.1{u'side': u'r', u'id': u'0002', u'name': u'NoName'}
updateTime
passed_Time 18.516931057
RESPONSE /submits 127.0.0.1{'new': False, 'mutch': True, 'target': {'player': u'r', 'name': u'FriedShrimp_S', 'point': u'1'}, 'error': 'no error'}
updateTime
passed_Time 18.6969408989
updateTime
passed_Time 18.7004680634
POST /submits 127.0.0.1{u'side': u'r', u'id': u'0002', u'name': u'NoName'}
updateTime
passed_Time 18.7183279991
RESPONSE /submits 127.0.0.1{'new': False, 'mutch': True, 'target': {'player': u'r', 'name': u'FriedShrimp_S', 'point': u'1'}, 'error': 'no error'}
POST /submits 127.0.0.1{u'side': u'r', u'id': u'0002', u'name': u'NoName'}
updateTime
passed_Time 18.8164629936
RESPONSE /submits 127.0.0.1{'new': False, 'mutch': True, 'target': {'player': u'r', 'name': u'FriedShrimp_S', 'point': u'1'}, 'error': 'no error'}
POST /submits 127.0.0.1{u'side': u'r', u'id': u'0002', u'name': u'NoName'}
updateTime
passed_Time 19.0189769268
RESPONSE /submits 127.0.0.1{'new': False, 'mutch': True, 'target': {'player': u'r', 'name': u'FriedShrimp_S', 'point': u'1'}, 'error': 'no error'}
POST /submits 127.0.0.1{u'side': u'r', u'id': u'0002', u'name': u'NoName'}
updateTime
passed_Time 19.1178810596
RESPONSE /submits 127.0.0.1{'new': False, 'mutch': True, 'target': {'player': u'r', 'name': u'FriedShrimp_S', 'point': u'1'}, 'error': 'no error'}
POST /submits 127.0.0.1{u'side': u'r', u'id': u'0002', u'name': u'NoName'}
updateTime
passed_Time 19.2178909779
RESPONSE /submits 127.0.0.1{'new': False, 'mutch': True, 'target': {'player': u'r', 'name': u'FriedShrimp_S', 'point': u'1'}, 'error': 'no error'}
POST /submits 127.0.0.1{u'side': u'r', u'id': u'0002', u'name': u'NoName'}
updateTime
passed_Time 19.3189108372
RESPONSE /submits 127.0.0.1{'new': False, 'mutch': True, 'target': {'player': u'r', 'name': u'FriedShrimp_S', 'point': u'1'}, 'error': 'no error'}
updateTime
passed_Time 19.7009279728
updateTime
passed_Time 19.7044868469
updateTime
passed_Time 20.7048158646
updateTime
passed_Time 20.7081818581
updateTime
passed_Time 20.9431760311
updateTime
passed_Time 20.9449460506
updateTime
passed_Time 21.708771944
updateTime
passed_Time 21.7123599052
POST /submits 127.0.0.1{u'side': u'r', u'id': u'0012', u'name': u'NoName'}
updateTime
passed_Time 22.0202200413
RESPONSE /submits 127.0.0.1{'new': True, 'mutch': True, 'target': {'player': u'r', 'name': u'Pudding_S', 'point': u'1'}, 'error': 'no error'}
POST /submits 127.0.0.1{u'side': u'r', u'id': u'0012', u'name': u'NoName'}
updateTime
passed_Time 22.1205790043
RESPONSE /submits 127.0.0.1{'new': False, 'mutch': True, 'target': {'player': u'r', 'name': u'Pudding_S', 'point': u'1'}, 'error': 'no error'}
POST /submits 127.0.0.1{u'side': u'r', u'id': u'0012', u'name': u'NoName'}
updateTime
passed_Time 22.2211039066
RESPONSE /submits 127.0.0.1{'new': False, 'mutch': True, 'target': {'player': u'r', 'name': u'Pudding_S', 'point': u'1'}, 'error': 'no error'}
POST /submits 127.0.0.1{u'side': u'r', u'id': u'0012', u'name': u'NoName'}
updateTime
passed_Time 22.3201198578
RESPONSE /submits 127.0.0.1{'new': False, 'mutch': True, 'target': {'player': u'r', 'name': u'Pudding_S', 'point': u'1'}, 'error': 'no error'}
POST /submits 127.0.0.1{u'side': u'r', u'id': u'0012', u'name': u'NoName'}
updateTime
passed_Time 22.4204628468
RESPONSE /submits 127.0.0.1{'new': False, 'mutch': True, 'target': {'player': u'r', 'name': u'Pudding_S', 'point': u'1'}, 'error': 'no error'}
updateTime
passed_Time 22.713023901
updateTime
passed_Time 22.7164158821
POST /submits 127.0.0.1{u'side': u'r', u'id': u'0012', u'name': u'NoName'}
updateTime
passed_Time 23.3210449219
RESPONSE /submits 127.0.0.1{'new': False, 'mutch': True, 'target': {'player': u'r', 'name': u'Pudding_S', 'point': u'1'}, 'error': 'no error'}
POST /submits 127.0.0.1{u'side': u'r', u'id': u'0012', u'name': u'NoName'}
updateTime
passed_Time 23.4221789837
RESPONSE /submits 127.0.0.1{'new': False, 'mutch': True, 'target': {'player': u'r', 'name': u'Pudding_S', 'point': u'1'}, 'error': 'no error'}
POST /submits 127.0.0.1{u'side': u'r', u'id': u'0012', u'name': u'NoName'}
updateTime
passed_Time 23.5210080147
RESPONSE /submits 127.0.0.1{'new': False, 'mutch': True, 'target': {'player': u'r', 'name': u'Pudding_S', 'point': u'1'}, 'error': 'no error'}
POST /submits 127.0.0.1{u'side': u'r', u'id': u'0012', u'name': u'NoName'}
updateTime
passed_Time 23.6209020615
RESPONSE /submits 127.0.0.1{'new': False, 'mutch': True, 'target': {'player': u'r', 'name': u'Pudding_S', 'point': u'1'}, 'error': 'no error'}
updateTime
passed_Time 23.7170479298
updateTime
passed_Time 23.7206189632
POST /submits 127.0.0.1{u'side': u'r', u'id': u'0012', u'name': u'NoName'}
updateTime
passed_Time 23.7225179672
RESPONSE /submits 127.0.0.1{'new': False, 'mutch': True, 'target': {'player': u'r', 'name': u'Pudding_S', 'point': u'1'}, 'error': 'no error'}
POST /submits 127.0.0.1{u'side': u'r', u'id': u'0012', u'name': u'NoName'}
updateTime
passed_Time 23.8212580681
RESPONSE /submits 127.0.0.1{'new': False, 'mutch': True, 'target': {'player': u'r', 'name': u'Pudding_S', 'point': u'1'}, 'error': 'no error'}
POST /submits 127.0.0.1{u'side': u'r', u'id': u'0012', u'name': u'NoName'}
updateTime
passed_Time 23.9204728603
RESPONSE /submits 127.0.0.1{'new': False, 'mutch': True, 'target': {'player': u'r', 'name': u'Pudding_S', 'point': u'1'}, 'error': 'no error'}
updateTime
passed_Time 23.9491438866
updateTime
passed_Time 23.9507758617
POST /submits 127.0.0.1{u'side': u'r', u'id': u'0012', u'name': u'NoName'}
updateTime
passed_Time 24.0224080086
RESPONSE /submits 127.0.0.1{'new': False, 'mutch': True, 'target': {'player': u'r', 'name': u'Pudding_S', 'point': u'1'}, 'error': 'no error'}
POST /submits 127.0.0.1{u'side': u'r', u'id': u'0012', u'name': u'NoName'}
updateTime
passed_Time 24.1215400696
RESPONSE /submits 127.0.0.1{'new': False, 'mutch': True, 'target': {'player': u'r', 'name': u'Pudding_S', 'point': u'1'}, 'error': 'no error'}
updateTime
passed_Time 24.7213599682
POST /submits 127.0.0.1{u'side': u'r', u'id': u'0012', u'name': u'NoName'}
updateTime
passed_Time 24.7230429649
RESPONSE /submits 127.0.0.1{'new': False, 'mutch': True, 'target': {'player': u'r', 'name': u'Pudding_S', 'point': u'1'}, 'error': 'no error'}
updateTime
passed_Time 24.7272920609
POST /submits 127.0.0.1{u'side': u'r', u'id': u'0012', u'name': u'NoName'}
updateTime
passed_Time 24.8214108944
RESPONSE /submits 127.0.0.1{'new': False, 'mutch': True, 'target': {'player': u'r', 'name': u'Pudding_S', 'point': u'1'}, 'error': 'no error'}
POST /submits 127.0.0.1{u'side': u'r', u'id': u'0012', u'name': u'NoName'}
updateTime
passed_Time 24.9229669571
RESPONSE /submits 127.0.0.1{'new': False, 'mutch': True, 'target': {'player': u'r', 'name': u'Pudding_S', 'point': u'1'}, 'error': 'no error'}
POST /submits 127.0.0.1{u'side': u'r', u'id': u'0012', u'name': u'NoName'}
updateTime
passed_Time 25.0235979557
RESPONSE /submits 127.0.0.1{'new': False, 'mutch': True, 'target': {'player': u'r', 'name': u'Pudding_S', 'point': u'1'}, 'error': 'no error'}
POST /submits 127.0.0.1{u'side': u'r', u'id': u'0012', u'name': u'NoName'}
updateTime
passed_Time 25.1226069927
RESPONSE /submits 127.0.0.1{'new': False, 'mutch': True, 'target': {'player': u'r', 'name': u'Pudding_S', 'point': u'1'}, 'error': 'no error'}
POST /submits 127.0.0.1{u'side': u'r', u'id': u'0012', u'name': u'NoName'}
updateTime
passed_Time 25.2221128941
RESPONSE /submits 127.0.0.1{'new': False, 'mutch': True, 'target': {'player': u'r', 'name': u'Pudding_S', 'point': u'1'}, 'error': 'no error'}
POST /submits 127.0.0.1{u'side': u'r', u'id': u'0012', u'name': u'NoName'}
updateTime
passed_Time 25.3215458393
RESPONSE /submits 127.0.0.1{'new': False, 'mutch': True, 'target': {'player': u'r', 'name': u'Pudding_S', 'point': u'1'}, 'error': 'no error'}
POST /submits 127.0.0.1{u'side': u'r', u'id': u'0012', u'name': u'NoName'}
updateTime
passed_Time 25.4220280647
RESPONSE /submits 127.0.0.1{'new': False, 'mutch': True, 'target': {'player': u'r', 'name': u'Pudding_S', 'point': u'1'}, 'error': 'no error'}
POST /submits 127.0.0.1{u'side': u'r', u'id': u'0012', u'name': u'NoName'}
updateTime
passed_Time 25.5230090618
RESPONSE /submits 127.0.0.1{'new': False, 'mutch': True, 'target': {'player': u'r', 'name': u'Pudding_S', 'point': u'1'}, 'error': 'no error'}
POST /submits 127.0.0.1{u'side': u'r', u'id': u'0012', u'name': u'NoName'}
updateTime
passed_Time 25.6225068569
RESPONSE /submits 127.0.0.1{'new': False, 'mutch': True, 'target': {'player': u'r', 'name': u'Pudding_S', 'point': u'1'}, 'error': 'no error'}
POST /submits 127.0.0.1{u'side': u'r', u'id': u'0012', u'name': u'NoName'}
updateTime
passed_Time 25.7227699757
RESPONSE /submits 127.0.0.1{'new': False, 'mutch': True, 'target': {'player': u'r', 'name': u'Pudding_S', 'point': u'1'}, 'error': 'no error'}
updateTime
passed_Time 25.7276899815
updateTime
passed_Time 25.7307760715
POST /submits 127.0.0.1{u'side': u'r', u'id': u'0012', u'name': u'NoName'}
updateTime
passed_Time 25.8221759796
RESPONSE /submits 127.0.0.1{'new': False, 'mutch': True, 'target': {'player': u'r', 'name': u'Pudding_S', 'point': u'1'}, 'error': 'no error'}
POST /submits 127.0.0.1{u'side': u'r', u'id': u'0012', u'name': u'NoName'}
updateTime
passed_Time 25.9220409393
RESPONSE /submits 127.0.0.1{'new': False, 'mutch': True, 'target': {'player': u'r', 'name': u'Pudding_S', 'point': u'1'}, 'error': 'no error'}
POST /submits 127.0.0.1{u'side': u'r', u'id': u'0012', u'name': u'NoName'}
updateTime
passed_Time 26.0221998692
RESPONSE /submits 127.0.0.1{'new': False, 'mutch': True, 'target': {'player': u'r', 'name': u'Pudding_S', 'point': u'1'}, 'error': 'no error'}
POST /submits 127.0.0.1{u'side': u'r', u'id': u'0012', u'name': u'NoName'}
updateTime
passed_Time 26.1231398582
RESPONSE /submits 127.0.0.1{'new': False, 'mutch': True, 'target': {'player': u'r', 'name': u'Pudding_S', 'point': u'1'}, 'error': 'no error'}
POST /submits 127.0.0.1{u'side': u'r', u'id': u'0012', u'name': u'NoName'}
updateTime
passed_Time 26.2228908539
RESPONSE /submits 127.0.0.1{'new': False, 'mutch': True, 'target': {'player': u'r', 'name': u'Pudding_S', 'point': u'1'}, 'error': 'no error'}
POST /submits 127.0.0.1{u'side': u'r', u'id': u'0012', u'name': u'NoName'}
updateTime
passed_Time 26.3230810165
RESPONSE /submits 127.0.0.1{'new': False, 'mutch': True, 'target': {'player': u'r', 'name': u'Pudding_S', 'point': u'1'}, 'error': 'no error'}
updateTime
passed_Time 26.7313659191
updateTime
passed_Time 26.7345910072
updateTime
updateTime
passed_Time 26.956099987
passed_Time 26.9562990665
updateTime
passed_Time 27.7351820469
updateTime
passed_Time 27.7386958599
